
vbSPT, VB3_HMManalysis, Copyright (C) 2012 Martin Lindn and Fredrik Persson 
v 1.1.2, Martin Lindn 2014.

This program comes with ABSOLUTELY NO WARRANTY. 
This is free software, and you are welcome to redistribute it 
under certain conditions. See license.txt for details. 

Additional permission under GNU GPL version 3 section 7 

If you modify this Program, or any covered work, by linking or combining it 
with Matlab or any Matlab toolbox, the licensors of this Program grant you 
additional permission to convey the resulting work. 

----------
30-Dec-2016 21:08:05 : Starting greedy optimization to find best model.
jobID        : mMaple3
runinput file: mMaple3_set
input  file  : ./Data/Traj.mat
trj field    : Traj
output file  : ./VB3_Results/mMaple3.mat
log file     : ./VB3_Results/mMaple3.log
----------
Read options structure based on runinput file mMaple3_set
Starting parallel pool (parpool) using the 'local' profile ... connected to 4 workers.

theVBpool = 

 <a href="matlab: help parallel.Pool">Pool</a> with properties: 

            Connected: true
           NumWorkers: 4
              Cluster: <a href="matlab: parallel.internal.display.Displayer.displayObject('1F8B0800000000000000AD53BD4EC3400C76D2B48281AA0809F5119812400CDD8B10202A1005D12DBD9413045D93E8920A7563EC2330323232F2282CEC3C06E7C669AE21A520B0645D3EC7FEECEF7EC038EA80B2BAF227E535E52BCAD7213563B65AD0699F76116F298F9864427061FB41C265C0847DEDC7916063BB2D46B10A75F890074988BC871AEF1AF15509D7A847D6077133FD7C37B57F9923DFAD95F3AD16F830A765E57C2661D0743E56F27AB3A45E9FA7AA745709E38A7B90F19C557EB65FA8F9C017FC4AB228E2D275A9BEA1D5E7FD529CF5CCE298DF3416EBFE28E49B14C315E5F7953F90BF287FA3FF995D8C230EFB2C61307F7E8B0F1A4A0D7B55CA7FCD995182F598095FF5147374AB6BAB7EDF2C8AEBE7BBA9F13408CF640E52F9F649386022E57B85DFDD970DC2B81E875E370925BBE14898F86190CFD95F32A7539813B1731973193B52703EBA77EC214B04F31C81C3BA34BA7B177AB173BEBBBDB3E74DFB3CC3E27B56DC57CC6F2DD10B05BDFF5D3F81EFDF770FE6EF456F4A98BF6FFDFCFFF2BED13E018FD3DF9920050000')">local</a>
        AttachedFiles: {}
          IdleTimeout: 30 minute(s) (30 minutes remaining)
          SpmdEnabled: true

Iter 14. Adding 1537 extra transitions to final model helped : dF/|F| = 1.0182e-08, time : 0.024311 s.
Iter 17. Adding 1537 extra transitions to final model helped : dF/|F| = 8.8278e-09, time : 0.023346 s.
Iter 17. Finished greedy search in 0.45394 s, with 2 states.
Iter 16. Adding 1537 extra transitions to final model helped : dF/|F| = 7.5626e-09, time : 0.017643 s.
Iter 16. Finished greedy search in 0.21463 s, with 2 states.
Iter 15. Adding 1538 extra transitions to final model helped : dF/|F| = 7.5284e-09, time : 0.015656 s.
Iter 15. Finished greedy search in 0.2236 s, with 2 states.
Iter 5. Adding 1538 extra transitions to final model helped : dF/|F| = 9.4691e-09, time : 0.022005 s.
Iter 10. Adding 1537 extra transitions to final model helped : dF/|F| = 1.0595e-08, time : 0.024205 s.
Iter 14. Finished greedy search in 0.45136 s, with 2 states.
Iter 13. Adding 1537 extra transitions to final model helped : dF/|F| = 9.8055e-09, time : 0.016912 s.
Iter 13. Finished greedy search in 0.21373 s, with 2 states.
Iter 12. Adding 1538 extra transitions to final model helped : dF/|F| = 7.6357e-09, time : 0.014954 s.
Iter 12. Finished greedy search in 0.25601 s, with 2 states.
Iter 11. Adding 1537 extra transitions to final model helped : dF/|F| = 7.7921e-09, time : 0.018638 s.
Iter 11. Finished greedy search in 0.21302 s, with 2 states.
Iter 19. Adding 1537 extra transitions to final model helped : dF/|F| = 7.6404e-09, time : 0.013889 s.
Iter 19. Finished greedy search in 0.27732 s, with 2 states.
Iter 18. Adding 1537 extra transitions to final model helped : dF/|F| = 7.7913e-09, time : 0.023144 s.
Iter 18. Finished greedy search in 0.24278 s, with 2 states.
Iter 5. Finished greedy search in 0.42617 s, with 2 states.
Iter 4. Adding 1538 extra transitions to final model helped : dF/|F| = 8.3967e-09, time : 0.015323 s.
Iter 4. Finished greedy search in 0.17711 s, with 2 states.
Iter 3. Adding 1537 extra transitions to final model helped : dF/|F| = 9.5666e-09, time : 0.028314 s.
Iter 3. Finished greedy search in 0.2074 s, with 2 states.
Iter 2. Adding 1537 extra transitions to final model helped : dF/|F| = 7.8426e-09, time : 0.016432 s.
Iter 2. Finished greedy search in 0.22415 s, with 2 states.
Iter 1. Adding 1538 extra transitions to final model helped : dF/|F| = 1.0921e-08, time : 0.040662 s.
Iter 1. Finished greedy search in 0.20933 s, with 2 states.
Iter 10. Finished greedy search in 0.45433 s, with 2 states.
Iter 9. Adding 1537 extra transitions to final model helped : dF/|F| = 8.1302e-09, time : 0.017177 s.
Iter 9. Finished greedy search in 0.21275 s, with 2 states.
Iter 8. Adding 1537 extra transitions to final model helped : dF/|F| = 7.6232e-09, time : 0.015976 s.
Iter 8. Finished greedy search in 0.2625 s, with 2 states.
Iter 7. Adding 1537 extra transitions to final model helped : dF/|F| = 7.8157e-09, time : 0.016684 s.
Iter 7. Finished greedy search in 0.2212 s, with 2 states.
Iter 6. Adding 1537 extra transitions to final model helped : dF/|F| = 8.9619e-09, time : 0.017371 s.
Iter 6. Finished greedy search in 0.2889 s, with 2 states.
Iter 22. Adding 1537 extra transitions to final model helped : dF/|F| = 7.7291e-09, time : 0.020856 s.
Iter 22. Finished greedy search in 0.26421 s, with 2 states.
Iter 23. Adding 1537 extra transitions to final model helped : dF/|F| = 1.0816e-08, time : 0.014887 s.
Iter 23. Finished greedy search in 0.26489 s, with 2 states.
Iter 21. Adding 1537 extra transitions to final model helped : dF/|F| = 1.0311e-08, time : 0.018585 s.
Iter 21. Finished greedy search in 0.23958 s, with 2 states.
Iter 20. Adding 1537 extra transitions to final model helped : dF/|F| = 9.081e-09, time : 0.015201 s.
Iter 20. Finished greedy search in 0.26527 s, with 2 states.
Iter 24. Adding 1537 extra transitions to final model helped : dF/|F| = 8.5818e-09, time : 0.023375 s.
Iter 24. Finished greedy search in 0.28202 s, with 2 states.
Iter 25. Adding 1537 extra transitions to final model helped : dF/|F| = 7.4837e-09, time : 0.020226 s.
Iter 25. Finished greedy search in 0.25003 s, with 2 states.
Sorting and regenerating best model and estimates
 N     it   dF/|F|   d<p>/p   p 
01     2  0.00e+00 0.00e+00  M.wPi , F : 1.253e+04 
Converged normally after 2 iterations, relTolF = 1e-08, tolPar = 0.01, (M.wPi limiting). 
 N     it   dF/|F|   d<p>/p   p 
02     2  1.97e-09 9.69e-05  M.c , F : 1.926e+04 
Converged normally after 2 iterations, relTolF = 1e-08, tolPar = 0.01, (M.c limiting). 
Best model size: 2, from iteration 25.
Saving ./VB3_Results/mMaple3.mat after 0.36473 min.
Read options structure based on runinput file mMaple3_set
Read options structure based on runinput file mMaple3_set
jobID: mMaple3
Starting bootstrapping...
----------
bootstrap : 100 resampling in 2.9861 s.
Bootstrapping the 1 state model of 2.
bootstrap : 100 resampling in 0.56971 s.
Bootstrapping the 2 state model of 2.
Finished mMaple3_set bootstrapping in 0.062782 min.
30-Dec-2016 21:08:30 : Finished mMaple3_set. Total run time 0.42849 min.
